This is XeTeX, Version 3.1415926-2.3-0.9997.5 (MiKTeX 2.9) (preloaded format=xelatex 2016.10.1)  20 MAR 2017 23:58
entering extended mode
**C:/workspace/Manuscript/associationSearch/cabios-template/main.tex
(C:/workspace/Manuscript/associationSearch/cabios-template/main.tex
LaTeX2e <2011/06/27>
Babel <v3.8m> and hyphenation patterns for loaded.
(C:\workspace\Manuscript\associationSearch\cabios-template\bioinfo.cls
Document Class: bioinfo 2003/02/08 0.1
(C:\CTEX\MiKTeX\tex\latex\base\inputenc.sty
Package: inputenc 2008/03/30 v1.1d Input encoding file
\inpenc@prehook=\toks14
\inpenc@posthook=\toks15
)
(C:\workspace\Manuscript\associationSearch\cabios-template\crop.sty
Package: crop 2001/11/16 v1.6 cropmarks (mf)
\CROP@width=\dimen102
\CROP@height=\dimen103
\CROP@index=\count80

(C:\CTEX\MiKTeX\tex\latex\graphics\graphics.sty
Package: graphics 2009/02/05 v1.0o Standard LaTeX Graphics (DPC,SPQR)

(C:\CTEX\MiKTeX\tex\latex\graphics\trig.sty
Package: trig 1999/03/16 v1.09 sin cos tan (DPC)
)
(C:\CTEX\MiKTeX\tex\latex\00miktex\graphics.cfg
File: graphics.cfg 2007/01/18 v1.5 graphics configuration of teTeX/TeXLive
)
Package graphics Info: Driver file: xetex.def on input line 91.

(C:\CTEX\MiKTeX\tex\xelatex\xetex-def\xetex.def
File: xetex.def 2009/11/22 v0.94 LaTeX color/graphics driver for XeTeX (RRM/JK)

))
\CROP@offset=\count81
Package crop Info: Local config file crop.cfg used on input line 344.

(C:\workspace\Manuscript\associationSearch\cabios-template\crop.cfg))
(C:\workspace\Manuscript\associationSearch\cabios-template\graphicx.sty
Package: graphicx 1999/02/16 v1.0f Enhanced LaTeX Graphics (DPC,SPQR)

(C:\CTEX\MiKTeX\tex\latex\graphics\keyval.sty
Package: keyval 1999/03/16 v1.13 key=value parser (DPC)
\KV@toks@=\toks16
)
\Gin@req@height=\dimen104
\Gin@req@width=\dimen105
)
(C:\CTEX\MiKTeX\tex\latex\ams\math\amsmath.sty
Package: amsmath 2000/07/18 v2.13 AMS math features
\@mathmargin=\skip41

For additional information on amsmath, use the `?' option.
(C:\CTEX\MiKTeX\tex\latex\ams\math\amstext.sty
Package: amstext 2000/06/29 v2.01

(C:\CTEX\MiKTeX\tex\latex\ams\math\amsgen.sty
File: amsgen.sty 1999/11/30 v2.0
\@emptytoks=\toks17
\ex@=\dimen106
))
(C:\CTEX\MiKTeX\tex\latex\ams\math\amsbsy.sty
Package: amsbsy 1999/11/29 v1.2d
\pmbraise@=\dimen107
)
(C:\CTEX\MiKTeX\tex\latex\ams\math\amsopn.sty
Package: amsopn 1999/12/14 v2.01 operator names
)
\inf@bad=\count82
LaTeX Info: Redefining \frac on input line 211.
\uproot@=\count83
\leftroot@=\count84
LaTeX Info: Redefining \overline on input line 307.
\classnum@=\count85
\DOTSCASE@=\count86
LaTeX Info: Redefining \ldots on input line 379.
LaTeX Info: Redefining \dots on input line 382.
LaTeX Info: Redefining \cdots on input line 467.
\Mathstrutbox@=\box26
\strutbox@=\box27
\big@size=\dimen108
LaTeX Font Info:    Redeclaring font encoding OML on input line 567.
LaTeX Font Info:    Redeclaring font encoding OMS on input line 568.
\macc@depth=\count87
\c@MaxMatrixCols=\count88
\dotsspace@=\muskip10
\c@parentequation=\count89
\dspbrk@lvl=\count90
\tag@help=\toks18
\row@=\count91
\column@=\count92
\maxfields@=\count93
\andhelp@=\toks19
\eqnshift@=\dimen109
\alignsep@=\dimen110
\tagshift@=\dimen111
\tagwidth@=\dimen112
\totwidth@=\dimen113
\lineht@=\dimen114
\@envbody=\toks20
\multlinegap=\skip42
\multlinetaggap=\skip43
\mathdisplay@stack=\toks21
LaTeX Info: Redefining \[ on input line 2666.
LaTeX Info: Redefining \] on input line 2667.
)
(C:\workspace\Manuscript\associationSearch\cabios-template\array.sty
Package: array 1998/05/13 v2.3m Tabular extension package (FMi)
\col@sep=\dimen115
\extrarowheight=\dimen116
\NC@list=\toks22
\extratabsurround=\skip44
\backup@length=\skip45
)
(C:\workspace\Manuscript\associationSearch\cabios-template\color.sty
Package: color 1999/02/16 v1.0i Standard LaTeX Color (DPC)

(C:\CTEX\MiKTeX\tex\latex\00miktex\color.cfg
File: color.cfg 2007/01/18 v1.5 color configuration of teTeX/TeXLive
)
Package color Info: Driver file: xetex.def on input line 125.
)
(C:\CTEX\MiKTeX\tex\latex\amsfonts\amssymb.sty
Package: amssymb 2009/06/22 v3.00

(C:\CTEX\MiKTeX\tex\latex\amsfonts\amsfonts.sty
Package: amsfonts 2009/06/22 v3.00 Basic AMSFonts support
\symAMSa=\mathgroup4
\symAMSb=\mathgroup5
LaTeX Font Info:    Overwriting math alphabet `\mathfrak' in version `bold'
(Font)                  U/euf/m/n --> U/euf/b/n on input line 96.
))
(C:\workspace\Manuscript\associationSearch\cabios-template\flushend.sty
Package: flushend 1997/10/01
\@aaa=\box28
\@ccc=\box29
\@viper=\box30
\hold@viper=\box31
\atColsBreak=\toks23
\@extra@skip=\dimen117
\@nd@page@rule=\dimen118
)
(C:\workspace\Manuscript\associationSearch\cabios-template\stfloats.sty
Package: stfloats 1999/10/22
\@dblbotnum=\count94
\c@dblbotnumber=\count95
)
(C:\CTEX\MiKTeX\tex\latex\ams\classes\amsthm.sty
Package: amsthm 2004/08/06 v2.20
\thm@style=\toks24
\thm@bodyfont=\toks25
\thm@headfont=\toks26
\thm@notefont=\toks27
\thm@headpunct=\toks28
\thm@preskip=\skip46
\thm@postskip=\skip47
\thm@headsep=\skip48
\dth@everypar=\toks29
)
(C:\workspace\Manuscript\associationSearch\cabios-template\chngpage.sty
Package: chngpage 2001/01/31 v1.1b change page layout
\c@cp@cnt=\count96
\c@cp@tempcnt=\count97
)
(C:\CTEX\MiKTeX\tex\latex\psnfss\times.sty
Package: times 2005/04/12 PSNFSS-v9.2a (SPQR) 
)
(C:\CTEX\MiKTeX\tex\latex\base\fontenc.sty
Package: fontenc 2005/09/27 v1.99g Standard LaTeX package

(C:\CTEX\UserData\tex\latex\ly1\ly1enc.def
File: ly1enc.def 2009/07/22 v0.7 TeX 'n ANSI encoding (DPC/KB)
)
LaTeX Font Info:    Try loading font information for LY1+ptm on input line 100.


(C:\CTEX\UserData\tex\latex\ly1\ly1ptm.fd
File: ly1ptm.fd 2001/02/01 font definitions for LY1/ptm using Berry names.
)
Requested font "ptmr8y" at 10.0pt
 -> ptmr8y
)
Requested font "ptmr8y" at 8.0pt
 -> ptmr8y
\c@section=\count98
\c@subsection=\count99
\c@subsubsection=\count100
\c@paragraph=\count101
\c@subparagraph=\count102
\c@figure=\count103
\c@table=\count104
\dropfromtop=\skip49
\extraspace=\skip50
\aboveskipchk=\skip51
\abovecaptionskip=\skip52
\belowcaptionskip=\skip53
\rotdimen=\dimen119
\tempdime=\dimen120
\temptbox=\box32

(C:\workspace\Manuscript\associationSearch\cabios-template\natbib.sty
Package: natbib 2000/07/24 7.0a (PWD)
\bibhang=\skip54
\bibsep=\skip55
LaTeX Info: Redefining \cite on input line 508.
\c@NAT@ctr=\count105
))
(C:\workspace\Manuscript\associationSearch\cabios-template\main.aux)
LaTeX Font Info:    Checking defaults for OML/cmm/m/it on input line 8.
LaTeX Font Info:    ... okay on input line 8.
LaTeX Font Info:    Checking defaults for T1/cmr/m/n on input line 8.
LaTeX Font Info:    ... okay on input line 8.
LaTeX Font Info:    Checking defaults for OT1/cmr/m/n on input line 8.
LaTeX Font Info:    ... okay on input line 8.
LaTeX Font Info:    Checking defaults for OMS/cmsy/m/n on input line 8.
LaTeX Font Info:    ... okay on input line 8.
LaTeX Font Info:    Checking defaults for OMX/cmex/m/n on input line 8.
LaTeX Font Info:    ... okay on input line 8.
LaTeX Font Info:    Checking defaults for U/cmr/m/n on input line 8.
LaTeX Font Info:    ... okay on input line 8.
LaTeX Font Info:    Checking defaults for LY1/ptm/m/n on input line 8.
LaTeX Font Info:    ... okay on input line 8.
LaTeX Font Info:    Try loading font information for LY1+phv on input line 38.

(C:\CTEX\UserData\tex\latex\ly1\ly1phv.fd
File: ly1phv.fd 2001/02/01 scalable font definitions for LY1/phv using Berry na
mes.
)
Requested font "phvro8yn" at 8.0pt
 -> phvro8yn
Requested font "phvr8yn" at 8.0pt
 -> phvr8yn
Invalid UTF-8 byte or sequence at line 38 replaced by U+FFFD.
Invalid UTF-8 byte or sequence at line 38 replaced by U+FFFD.
Invalid UTF-8 byte or sequence at line 38 replaced by U+FFFD.
Invalid UTF-8 byte or sequence at line 38 replaced by U+FFFD.
Invalid UTF-8 byte or sequence at line 38 replaced by U+FFFD.
Invalid UTF-8 byte or sequence at line 38 replaced by U+FFFD.
File: OUP_First_SBk_Bot_8401.eps Graphic file (type eps)
 <OUP_First_SBk_Bot_8401.eps>
Requested font "phvr8y" at 8.0pt
 -> phvr8y
Requested font "phvr8yn" at 14.0pt
 -> phvr8yn
LaTeX Font Info:    Font shape `LY1/phv/bx/n' in size <8> not available
(Font)              Font shape `LY1/phv/b/n' tried instead on input line 38.
Requested font "phvb8y" at 8.0pt
 -> phvb8y
LaTeX Font Info:    Font shape `LY1/phv/bx/n' in size <18> not available
(Font)              Font shape `LY1/phv/b/n' tried instead on input line 38.
Requested font "phvb8y" at 18.0pt
 -> phvb8y
LaTeX Font Info:    Font shape `LY1/phv/bx/n' in size <12> not available
(Font)              Font shape `LY1/phv/b/n' tried instead on input line 38.
Requested font "phvb8y" at 12.0pt
 -> phvb8y
Requested font "cmbx12" at 12.0pt
 -> cmbx12
Requested font "cmbx9" at 9.0pt
 -> cmbx9
Requested font "cmbx7" at 7.0pt
 -> cmbx7
Requested font "cmmib10" at 12.0pt
 -> cmmib10
Requested font "cmmib9" at 9.0pt
 -> cmmib9
Requested font "cmmib7" at 7.0pt
 -> cmmib7
Requested font "cmbsy10" at 12.0pt
 -> cmbsy10
Requested font "cmbsy9" at 9.0pt
 -> cmbsy9
Requested font "cmbsy7" at 7.0pt
 -> cmbsy7
Requested font "cmex10" at 12.0pt
 -> cmex10
Requested font "cmex9" at 9.0pt
 -> cmex9
Requested font "cmex7" at 7.0pt
 -> cmex7
LaTeX Font Info:    Try loading font information for U+msa on input line 38.

(C:\CTEX\MiKTeX\tex\latex\amsfonts\umsa.fd
File: umsa.fd 2009/06/22 v3.00 AMS symbols A
)
Requested font "msam10" at 12.0pt
 -> msam10
Requested font "msam10" at 9.0pt
 -> msam10
Requested font "msam7" at 7.0pt
 -> msam7
LaTeX Font Info:    Try loading font information for U+msb on input line 38.

(C:\CTEX\MiKTeX\tex\latex\amsfonts\umsb.fd
File: umsb.fd 2009/06/22 v3.00 AMS symbols B
)
Requested font "msbm10" at 12.0pt
 -> msbm10
Requested font "msbm10" at 9.0pt
 -> msbm10
Requested font "msbm7" at 7.0pt
 -> msbm7
Requested font "ptmr8y" at 12.0pt
 -> ptmr8y
LaTeX Font Info:    Font shape `LY1/phv/bx/n' in size <9> not available
(Font)              Font shape `LY1/phv/b/n' tried instead on input line 38.
Requested font "phvb8y" at 9.0pt
 -> phvb8y
Requested font "ptmr8y" at 9.0pt
 -> ptmr8y
LaTeX Font Info:    Font shape `LY1/phv/bx/n' in size <7> not available
(Font)              Font shape `LY1/phv/b/n' tried instead on input line 38.
Requested font "phvb8y" at 7.0pt
 -> phvb8y
Requested font "ptmr8y" at 7.0pt
 -> ptmr8y
Requested font "cmr8" at 8.0pt
 -> cmr8
Requested font "cmr6" at 6.0pt
 -> cmr6
Requested font "cmmi8" at 8.0pt
 -> cmmi8
Requested font "cmmi6" at 6.0pt
 -> cmmi6
Requested font "cmsy8" at 8.0pt
 -> cmsy8
Requested font "cmsy6" at 6.0pt
 -> cmsy6
Requested font "cmex8" at 8.0pt
 -> cmex8
Requested font "cmex7" at 6.0pt
 -> cmex7
Requested font "cmex7" at 5.0pt
 -> cmex7
Requested font "msam10" at 8.0pt
 -> msam10
Requested font "msam7" at 6.0pt
 -> msam7
Requested font "msam5" at 5.0pt
 -> msam5
Requested font "msbm10" at 8.0pt
 -> msbm10
Requested font "msbm7" at 6.0pt
 -> msbm7
Requested font "msbm5" at 5.0pt
 -> msbm5
Requested font "phvr8yn" at 9.0pt
 -> phvr8yn
Requested font "cmr9" at 9.0pt
 -> cmr9


LaTeX Font Warning: Font shape `OT1/cmr/m/n' in size <6.5> not available
(Font)              size <6> substituted on input line 38.

Requested font "cmmi9" at 9.0pt
 -> cmmi9

LaTeX Font Warning: Font shape `OML/cmm/m/it' in size <6.5> not available
(Font)              size <6> substituted on input line 38.

Requested font "cmsy9" at 9.0pt
 -> cmsy9

LaTeX Font Warning: Font shape `OMS/cmsy/m/n' in size <6.5> not available
(Font)              size <6> substituted on input line 38.

Requested font "cmex7" at 6.5pt
 -> cmex7
Requested font "msam7" at 6.5pt
 -> msam7
Requested font "msbm7" at 6.5pt
 -> msbm7
Requested font "phvr8y" at 9.0pt
 -> phvr8y
Requested font "phvr8yn" at 6.5pt
 -> phvr8yn
Requested font "ptmr8y" at 6.5pt
 -> ptmr8y
Requested font "phvr8y" at 6.5pt
 -> phvr8y
Requested font "phvr8yn" at 5.0pt
 -> phvr8yn
Requested font "ptmr8y" at 5.0pt
 -> ptmr8y
Requested font "phvr8y" at 5.0pt
 -> phvr8y
Requested font "phvr8yn" at 8.5pt
 -> phvr8yn
LaTeX Font Info:    Calculating math sizes for size <8.5> on input line 38.

LaTeX Font Warning: Font shape `OT1/cmr/m/n' in size <8.5> not available
(Font)              size <8> substituted on input line 38.


LaTeX Font Warning: Font shape `OT1/cmr/m/n' in size <4.25> not available
(Font)              size <5> substituted on input line 38.


LaTeX Font Warning: Font shape `OML/cmm/m/it' in size <8.5> not available
(Font)              size <8> substituted on input line 38.


LaTeX Font Warning: Font shape `OML/cmm/m/it' in size <4.25> not available
(Font)              size <5> substituted on input line 38.


LaTeX Font Warning: Font shape `OMS/cmsy/m/n' in size <8.5> not available
(Font)              size <8> substituted on input line 38.


LaTeX Font Warning: Font shape `OMS/cmsy/m/n' in size <4.25> not available
(Font)              size <5> substituted on input line 38.

Requested font "cmex9" at 8.5pt
 -> cmex9
Requested font "cmex7" at 5.94997pt
 -> cmex7
Requested font "cmex7" at 4.25pt
 -> cmex7
Requested font "msam10" at 8.5pt
 -> msam10
Requested font "msam5" at 5.94997pt
 -> msam5
Requested font "msam5" at 4.25pt
 -> msam5
Requested font "msbm10" at 8.5pt
 -> msbm10
Requested font "msbm5" at 5.94997pt
 -> msbm5
Requested font "msbm5" at 4.25pt
 -> msbm5
Requested font "phvr8y" at 8.5pt
 -> phvr8y
Requested font "phvr8y" at 7.0pt
 -> phvr8y
LaTeX Font Info:    Font shape `LY1/phv/bx/n' in size <10> not available
(Font)              Font shape `LY1/phv/b/n' tried instead on input line 38.
Requested font "phvb8y" at 10.0pt
 -> phvb8y
LaTeX Font Info:    Font shape `LY1/phv/m/it' in size <9> not available
(Font)              Font shape `LY1/phv/m/sl' tried instead on input line 38.
Requested font "phvro8y" at 9.0pt
 -> phvro8y

Underfull \hbox (badness 10000) detected at line 38
[]
 []

LaTeX Font Info:    Font shape `LY1/ptm/bx/n' in size <8> not available
(Font)              Font shape `LY1/ptm/b/n' tried instead on input line 43.
Requested font "ptmb8y" at 8.0pt
 -> ptmb8y

LaTeX Warning: Reference `fig:01' on page 1 undefined on input line 43.


Package natbib Warning: Citation `Bag01' on page 1 undefined on input line 45.

Requested font "ptmri8y" at 8.0pt
 -> ptmri8y
Requested font "ptmr8y" at 6.0pt
 -> ptmr8y
Requested font "ptmri8y" at 6.0pt
 -> ptmri8y
Requested font "ptmri8y" at 5.0pt
 -> ptmri8y

LaTeX Warning: Reference `fig:02' on page 1 undefined on input line 57.


Package natbib Warning: Citation `Boffelli03' on page 1 undefined on input line
 59.


LaTeX Warning: Reference `fig:02' on page 1 undefined on input line 68.


Package natbib Warning: Citation `Boffelli03' on page 1 undefined on input line
 70.


LaTeX Warning: Reference `fig:02' on page 1 undefined on input line 73.


Package natbib Warning: Citation `Boffelli03' on page 1 undefined on input line
 75.


LaTeX Warning: Reference `fig:02' on page 1 undefined on input line 78.


Package natbib Warning: Citation `Boffelli03' on page 1 undefined on input line
 80.


LaTeX Warning: Reference `fig:02' on page 1 undefined on input line 91.


Package natbib Warning: Citation `Boffelli03' on page 1 undefined on input line
 93.


LaTeX Warning: Reference `fig:02' on page 1 undefined on input line 96.


Package natbib Warning: Citation `Boffelli03' on page 1 undefined on input line
 98.


LaTeX Warning: Reference `fig:02' on page 1 undefined on input line 101.


Package natbib Warning: Citation `Boffelli03' on page 1 undefined on input line
 103.


LaTeX Warning: Reference `fig:02' on page 1 undefined on input line 106.


Package natbib Warning: Citation `Boffelli03' on page 1 undefined on input line
 108.


LaTeX Warning: Reference `fig:02' on page 1 undefined on input line 114.


Package natbib Warning: Citation `Boffelli03' on page 1 undefined on input line
 116.


LaTeX Warning: Reference `fig:02' on page 1 undefined on input line 119.


Package natbib Warning: Citation `Boffelli03' on page 1 undefined on input line
 121.


LaTeX Warning: Reference `fig:02' on page 1 undefined on input line 124.


Package natbib Warning: Citation `Boffelli03' on page 1 undefined on input line
 126.


LaTeX Warning: Reference `fig:02' on page 1 undefined on input line 129.


Package natbib Warning: Citation `Boffelli03' on page 1 undefined on input line
 131.


Overfull \hbox (1.12001pt too wide) has occurred while \output is active
 []
 []

[1



]

LaTeX Warning: Reference `fig:02' on page 2 undefined on input line 138.


Package natbib Warning: Citation `Boffelli03' on page 2 undefined on input line
 140.


LaTeX Warning: Reference `fig:02' on page 2 undefined on input line 143.


Package natbib Warning: Citation `Boffelli03' on page 2 undefined on input line
 145.


LaTeX Warning: Reference `fig:02' on page 2 undefined on input line 148.


Package natbib Warning: Citation `Boffelli03' on page 2 undefined on input line
 150.


LaTeX Warning: Reference `fig:02' on page 2 undefined on input line 156.


Package natbib Warning: Citation `Boffelli03' on page 2 undefined on input line
 158.


LaTeX Warning: Reference `fig:02' on page 2 undefined on input line 161.


Package natbib Warning: Citation `Boffelli03' on page 2 undefined on input line
 163.


LaTeX Warning: Reference `fig:02' on page 2 undefined on input line 171.


Package natbib Warning: Citation `Boffelli03' on page 2 undefined on input line
 173.


LaTeX Warning: Reference `fig:02' on page 2 undefined on input line 176.


Package natbib Warning: Citation `Boffelli03' on page 2 undefined on input line
 178.


LaTeX Warning: Reference `fig:02' on page 2 undefined on input line 181.


Package natbib Warning: Citation `Boffelli03' on page 2 undefined on input line
 183.


LaTeX Warning: Reference `fig:02' on page 2 undefined on input line 186.


Package natbib Warning: Citation `Boffelli03' on page 2 undefined on input line
 188.


LaTeX Warning: Reference `fig:02' on page 2 undefined on input line 191.


Package natbib Warning: Citation `Boffelli03' on page 2 undefined on input line
 193.


LaTeX Warning: Reference `fig:02' on page 2 undefined on input line 196.


Package natbib Warning: Citation `Boffelli03' on page 2 undefined on input line
 198.


LaTeX Warning: Reference `fig:02' on page 2 undefined on input line 201.


Package natbib Warning: Citation `Boffelli03' on page 2 undefined on input line
 203.


Underfull \vbox (badness 10000) has occurred while \output is active []



LaTeX Warning: Reference `fig:02' on page 2 undefined on input line 212.


Package natbib Warning: Citation `Boffelli03' on page 2 undefined on input line
 214.


LaTeX Warning: Reference `fig:02' on page 2 undefined on input line 217.


Package natbib Warning: Citation `Boffelli03' on page 2 undefined on input line
 219.


LaTeX Warning: Reference `fig:02' on page 2 undefined on input line 222.


Package natbib Warning: Citation `Boffelli03' on page 2 undefined on input line
 224.


LaTeX Warning: Reference `fig:02' on page 2 undefined on input line 230.


Package natbib Warning: Citation `Boffelli03' on page 2 undefined on input line
 232.


LaTeX Warning: Reference `fig:02' on page 2 undefined on input line 235.


Package natbib Warning: Citation `Boffelli03' on page 2 undefined on input line
 237.


LaTeX Warning: Reference `fig:02' on page 2 undefined on input line 240.


Package natbib Warning: Citation `Boffelli03' on page 2 undefined on input line
 242.


LaTeX Warning: Reference `fig:02' on page 2 undefined on input line 248.


Package natbib Warning: Citation `Boffelli03' on page 2 undefined on input line
 250.


LaTeX Warning: Reference `fig:02' on page 2 undefined on input line 253.


Package natbib Warning: Citation `Boffelli03' on page 2 undefined on input line
 255.


LaTeX Warning: Reference `fig:02' on page 2 undefined on input line 258.


Package natbib Warning: Citation `Boffelli03' on page 2 undefined on input line
 260.


LaTeX Warning: Reference `fig:02' on page 2 undefined on input line 263.


Package natbib Warning: Citation `Boffelli03' on page 2 undefined on input line
 265.


LaTeX Warning: Reference `fig:02' on page 2 undefined on input line 268.


Package natbib Warning: Citation `Boffelli03' on page 2 undefined on input line
 270.


LaTeX Warning: Reference `fig:02' on page 2 undefined on input line 273.


Package natbib Warning: Citation `Boffelli03' on page 2 undefined on input line
 275.


LaTeX Warning: Reference `fig:02' on page 2 undefined on input line 278.


Package natbib Warning: Citation `Boffelli03' on page 2 undefined on input line
 280.


LaTeX Warning: Reference `fig:02' on page 2 undefined on input line 289.


Package natbib Warning: Citation `Boffelli03' on page 2 undefined on input line
 291.


LaTeX Warning: Reference `fig:02' on page 2 undefined on input line 294.


Package natbib Warning: Citation `Boffelli03' on page 2 undefined on input line
 296.


LaTeX Warning: Reference `fig:02' on page 2 undefined on input line 299.


Package natbib Warning: Citation `Boffelli03' on page 2 undefined on input line
 301.


Underfull \vbox (badness 10000) has occurred while \output is active []

LaTeX Font Info:    Font shape `LY1/phv/m/it' in size <8> not available
(Font)              Font shape `LY1/phv/m/sl' tried instead on input line 305.
Requested font "phvro8y" at 8.0pt
 -> phvro8y

Overfull \hbox (252.0pt too wide) has occurred while \output is active
[][] 
 []

[2